TN:
SF:src\ormconfig.ts
FNF:0
FNH:0
DA:1,1
DA:2,1
DA:3,1
DA:4,1
DA:5,1
DA:6,1
DA:7,1
DA:8,1
DA:9,1
DA:10,1
DA:11,1
DA:12,1
DA:13,1
DA:14,1
DA:15,1
DA:16,1
DA:17,1
DA:18,1
DA:19,1
DA:20,1
LF:20
LH:20
BRDA:11,0,0,0
BRF:1
BRH:0
end_of_record
TN:
SF:src\controllers\deviceController.ts
FN:8,createDevice
FN:30,listDevices
FN:35,toggleStatus
FNF:3
FNH:3
FNDA:1,createDevice
FNDA:1,listDevices
FNDA:1,toggleStatus
DA:1,1
DA:2,1
DA:3,1
DA:4,1
DA:5,1
DA:6,1
DA:7,1
DA:8,1
DA:9,1
DA:10,1
DA:11,1
DA:12,1
DA:13,0
DA:14,0
DA:15,1
DA:16,1
DA:17,1
DA:18,1
DA:19,1
DA:20,1
DA:21,1
DA:22,1
DA:23,1
DA:24,1
DA:25,1
DA:26,1
DA:27,1
DA:28,1
DA:29,1
DA:30,1
DA:31,1
DA:32,1
DA:33,1
DA:34,1
DA:35,1
DA:36,1
DA:37,1
DA:38,1
DA:39,1
DA:40,0
DA:41,0
DA:42,1
DA:43,1
DA:44,1
DA:45,1
DA:46,1
DA:47,1
DA:48,1
DA:49,1
DA:50,1
DA:51,1
LF:51
LH:47
BRDA:8,0,0,1
BRDA:12,1,0,0
BRDA:30,2,0,1
BRDA:35,3,0,1
BRDA:39,4,0,0
BRDA:44,5,0,0
BRF:6
BRH:3
end_of_record
TN:
SF:src\entities\Device.ts
FN:14,<instance_members_initializer>
FNF:1
FNH:1
FNDA:8,<instance_members_initializer>
DA:1,1
DA:2,1
DA:3,1
DA:4,1
DA:5,1
DA:6,1
DA:7,1
DA:8,2
DA:9,2
DA:10,2
DA:11,2
DA:12,1
DA:13,1
DA:14,1
DA:15,8
DA:16,8
DA:17,8
DA:18,8
DA:19,8
DA:20,8
DA:21,8
DA:22,8
DA:23,8
DA:24,8
DA:25,8
DA:26,8
DA:27,8
DA:28,8
DA:29,8
DA:30,8
DA:31,8
DA:32,8
DA:33,8
LF:33
LH:33
BRDA:8,0,0,2
BRDA:14,1,0,8
BRF:2
BRH:2
end_of_record
TN:
SF:src\middlewares\validate.ts
FN:5,validate
FNF:1
FNH:1
FNDA:1,validate
DA:1,1
DA:2,1
DA:3,1
DA:4,1
DA:5,1
DA:6,1
DA:7,1
DA:8,1
DA:9,0
DA:10,0
DA:11,0
DA:12,0
DA:13,1
DA:14,1
LF:14
LH:10
BRDA:5,0,0,1
BRDA:6,1,0,1
BRDA:8,2,0,0
BRF:3
BRH:2
end_of_record
TN:
SF:src\routes\deviceRoutes.ts
FN:11,deviceRoutes
FNF:1
FNH:1
FNDA:1,deviceRoutes
DA:1,1
DA:2,1
DA:3,1
DA:4,1
DA:5,1
DA:6,1
DA:7,1
DA:8,1
DA:9,1
DA:10,1
DA:11,1
DA:12,1
DA:13,1
DA:14,1
DA:15,1
DA:16,1
DA:17,1
DA:18,1
DA:19,1
DA:20,1
DA:21,1
DA:22,1
DA:23,1
LF:23
LH:23
BRDA:11,0,0,1
BRDA:14,1,0,1
BRDA:18,2,0,1
BRF:3
BRH:3
end_of_record
TN:
SF:src\services\validationSchema.ts
FNF:0
FNH:0
DA:1,1
DA:2,1
DA:3,1
DA:4,1
DA:5,1
DA:6,1
DA:7,1
DA:8,1
DA:9,1
DA:10,1
LF:10
LH:10
BRF:0
BRH:0
end_of_record
TN:
SF:tests\mocks\socketMock.ts
FN:2,<instance_members_initializer>
FN:5,emit
FN:9,clear
FN:14,<instance_members_initializer>
FN:17,emit
FN:21,to
FN:25,clear
FNF:7
FNH:6
FNDA:1,<instance_members_initializer>
FNDA:2,emit
FNDA:3,clear
FNDA:1,<instance_members_initializer>
FNDA:2,emit
FNDA:0,to
FNDA:3,clear
DA:1,1
DA:2,1
DA:3,1
DA:4,1
DA:5,1
DA:6,2
DA:7,2
DA:8,1
DA:9,1
DA:10,3
DA:11,3
DA:12,1
DA:13,1
DA:14,1
DA:15,1
DA:16,1
DA:17,1
DA:18,2
DA:19,2
DA:20,1
DA:21,1
DA:22,0
DA:23,0
DA:24,1
DA:25,1
DA:26,3
DA:27,3
DA:28,1
LF:28
LH:26
BRDA:2,0,0,1
BRDA:5,1,0,2
BRDA:9,2,0,3
BRDA:14,3,0,1
BRDA:17,4,0,2
BRDA:25,5,0,3
BRF:6
BRH:6
end_of_record
